{
  "stats": {
    "suites": 1,
    "tests": 1,
    "passes": 1,
    "pending": 0,
    "failures": 0,
    "start": "2026-06-10T14:44:24.333Z",
    "end": "2026-06-10T14:44:27.217Z",
    "duration": 2884,
    "testsRegistered": 1,
    "passPercent": 100,
    "pendingPercent": 0,
    "other": 0,
    "hasOther": false,
    "skipped": 0,
    "hasSkipped": false
  },
  "results": [
    {
      "uuid": "82c8184b-87b3-4a86-a6ab-955e5efdaf21",
      "title": "",
      "fullFile": "cypress\\e2e\\checkout\\checkout-flow.cy.js",
      "file": "cypress\\e2e\\checkout\\checkout-flow.cy.js",
      "beforeHooks": [],
      "afterHooks": [],
      "tests": [],
      "suites": [
        {
          "uuid": "eb8256a9-9f9c-4d5b-a0c5-7f1b0ffb7bb5",
          "title": "Complete Checkout Flow",
          "fullFile": "",
          "file": "",
          "beforeHooks": [],
          "afterHooks": [],
          "tests": [
            {
              "title": "should complete an order successfully",
              "fullTitle": "Complete Checkout Flow should complete an order successfully",
              "timedOut": null,
              "duration": 2843,
              "state": "passed",
              "speed": "fast",
              "pass": true,
              "fail": false,
              "pending": false,
              "context": null,
              "code": "_ProductsPage.default.addBackpackToCart();\n_ProductsPage.default.openCart();\n_CartPage.default.clickCheckout();\n_CheckoutPage.default.fillCustomerInformation('Carlos', 'Burgos', '03440');\n_CheckoutPage.default.continueCheckout();\n_CheckoutPage.default.finishCheckout();\n_CheckoutPage.default.verifyOrderCompleted();",
              "err": {},
              "uuid": "7b495a1b-bd9e-47cf-bc45-ba61ca95584c",
              "parentUUID": "eb8256a9-9f9c-4d5b-a0c5-7f1b0ffb7bb5",
              "isHook": false,
              "skipped": false
            }
          ],
          "suites": [],
          "passes": [
            "7b495a1b-bd9e-47cf-bc45-ba61ca95584c"
          ],
          "failures": [],
          "pending": [],
          "skipped": [],
          "duration": 2843,
          "root": false,
          "rootEmpty": false,
          "_timeout": 2000
        }
      ],
      "passes": [],
      "failures": [],
      "pending": [],
      "skipped": [],
      "duration": 0,
      "root": true,
      "rootEmpty": true,
      "_timeout": 2000
    }
  ],
  "meta": {
    "mocha": {
      "version": "7.2.0"
    },
    "mochawesome": {
      "options": {
        "quiet": false,
        "reportFilename": "mochawesome",
        "saveHtml": false,
        "saveJson": true,
        "consoleReporter": "spec",
        "useInlineDiffs": false,
        "code": true
      },
      "version": "7.1.4"
    },
    "marge": {
      "options": {
        "reportDir": "reports/mocha",
        "overwrite": false,
        "html": false,
        "json": true
      },
      "version": "6.3.2"
    }
  }
}